[ 2017-01-11T17:53:21+08:00 ] ::1 /youfan_bi_server/index.php?c=Admin&m=Xg&a=xgPushAllDevices&msg=test&title=test
INFO: [ app_init ] --START--
INFO: Run Behavior\BuildLiteBehavior [ RunTime:0.000009s ]
INFO: [ app_init ] --END-- [ RunTime:0.000379s ]
INFO: [ app_begin ] --START--
INFO: Run Behavior\ReadHtmlCacheBehavior [ RunTime:0.000396s ]
INFO: [ app_begin ] --END-- [ RunTime:0.000484s ]

[ 2017-01-11T17:53:26+08:00 ] ::1 /youfan_bi_server/index.php?c=Admin&m=Xg&a=xgPushAllDevices&msg=test&title=test
INFO: [ app_init ] --START--
INFO: Run Behavior\BuildLiteBehavior [ RunTime:0.000010s ]
INFO: [ app_init ] --END-- [ RunTime:0.000268s ]
INFO: [ app_begin ] --START--
INFO: Run Behavior\ReadHtmlCacheBehavior [ RunTime:0.000338s ]
INFO: [ app_begin ] --END-- [ RunTime:0.000378s ]

[ 2017-01-11T17:54:02+08:00 ] ::1 /youfan_bi_server/index.php?c=Admin&m=Xg&a=xgPushAllDevices&msg=test&title=test
INFO: [ app_init ] --START--
INFO: Run Behavior\BuildLiteBehavior [ RunTime:0.000011s ]
INFO: [ app_init ] --END-- [ RunTime:0.000277s ]
INFO: [ app_begin ] --START--
INFO: Run Behavior\ReadHtmlCacheBehavior [ RunTime:0.000342s ]
INFO: [ app_begin ] --END-- [ RunTime:0.000380s ]

[ 2017-01-11T17:54:24+08:00 ] ::1 /youfan_bi_server/index.php?c=Admin&m=Xg&a=xgPushAllDevices&msg=test&title=test
INFO: [ app_init ] --START--
INFO: Run Behavior\BuildLiteBehavior [ RunTime:0.000012s ]
INFO: [ app_init ] --END-- [ RunTime:0.000310s ]
INFO: [ app_begin ] --START--
INFO: Run Behavior\ReadHtmlCacheBehavior [ RunTime:0.000344s ]
INFO: [ app_begin ] --END-- [ RunTime:0.000385s ]

[ 2017-01-11T17:54:36+08:00 ] ::1 /youfan_bi_server/index.php?c=Admin&m=Xg&a=xgPushAllDevices&msg=test&title=test
INFO: [ app_init ] --START--
INFO: Run Behavior\BuildLiteBehavior [ RunTime:0.000010s ]
INFO: [ app_init ] --END-- [ RunTime:0.000264s ]
INFO: [ app_begin ] --START--
INFO: Run Behavior\ReadHtmlCacheBehavior [ RunTime:0.000332s ]
INFO: [ app_begin ] --END-- [ RunTime:0.000374s ]

[ 2017-01-11T17:54:45+08:00 ] ::1 /youfan_bi_server/index.php?c=Admin&m=Xg&a=xgPushAllDevices&msg=test&title=test
INFO: [ app_init ] --START--
INFO: Run Behavior\BuildLiteBehavior [ RunTime:0.000011s ]
INFO: [ app_init ] --END-- [ RunTime:0.000263s ]
INFO: [ app_begin ] --START--
INFO: Run Behavior\ReadHtmlCacheBehavior [ RunTime:0.000334s ]
INFO: [ app_begin ] --END-- [ RunTime:0.000376s ]

[ 2017-01-11T17:56:10+08:00 ] ::1 /youfan_bi_server/index.php?c=Admin&m=Xg&a=xgPushAllDevices&msg=test&title=test
INFO: [ app_init ] --START--
INFO: Run Behavior\BuildLiteBehavior [ RunTime:0.000011s ]
INFO: [ app_init ] --END-- [ RunTime:0.000278s ]
INFO: [ app_begin ] --START--
INFO: Run Behavior\ReadHtmlCacheBehavior [ RunTime:0.000350s ]
INFO: [ app_begin ] --END-- [ RunTime:0.000393s ]

[ 2017-01-11T17:56:41+08:00 ] ::1 /youfan_bi_server/index.php?c=Admin&m=Xg&a=xgPushAllDevices&msg=test&title=test
INFO: [ app_init ] --START--
INFO: Run Behavior\BuildLiteBehavior [ RunTime:0.000010s ]
INFO: [ app_init ] --END-- [ RunTime:0.000277s ]
INFO: [ app_begin ] --START--
INFO: Run Behavior\ReadHtmlCacheBehavior [ RunTime:0.000335s ]
INFO: [ app_begin ] --END-- [ RunTime:0.000376s ]

[ 2017-01-11T17:57:26+08:00 ] ::1 /youfan_bi_server/index.php?c=Admin&m=Xg&a=xgPushAllDevices&msg=test&title=test
INFO: [ app_init ] --START--
INFO: Run Behavior\BuildLiteBehavior [ RunTime:0.000010s ]
INFO: [ app_init ] --END-- [ RunTime:0.000269s ]
INFO: [ app_begin ] --START--
INFO: Run Behavior\ReadHtmlCacheBehavior [ RunTime:0.000347s ]
INFO: [ app_begin ] --END-- [ RunTime:0.000386s ]

[ 2017-01-11T18:01:03+08:00 ] ::1 /youfan_bi_server/index.php?c=Admin&m=Xg&a=xgPushAllDevices&msg=test&title=test
INFO: [ app_init ] --START--
INFO: Run Behavior\BuildLiteBehavior [ RunTime:0.000010s ]
INFO: [ app_init ] --END-- [ RunTime:0.000275s ]
INFO: [ app_begin ] --START--
INFO: Run Behavior\ReadHtmlCacheBehavior [ RunTime:0.000726s ]
INFO: [ app_begin ] --END-- [ RunTime:0.000817s ]
NOTIC: [2] Missing argument 3 for Think\Controller::ajaxReturn(), called in /Users/LG/美邦/youfan_bi_server/Application/Common/Controller/CommonController.class.php on line 49 and defined /Users/LG/美邦/youfan_bi_server/ThinkPHP/Library/Think/Controller.class.php 第 209 行.
NOTIC: [8] Undefined variable: code /Users/LG/美邦/youfan_bi_server/ThinkPHP/Library/Think/Controller.class.php 第 213 行.
NOTIC: [2] Cannot modify header information - headers already sent by (output started at /Users/LG/美邦/youfan_bi_server/Application/Common/Service/CommonService.class.php:121) /Users/LG/美邦/youfan_bi_server/ThinkPHP/Library/Think/Controller.class.php 第 223 行.

[ 2017-01-11T18:01:16+08:00 ] ::1 /youfan_bi_server/index.php?c=Admin&m=Xg&a=xgPushAllDevices&msg=test&title=test
INFO: [ app_init ] --START--
INFO: Run Behavior\BuildLiteBehavior [ RunTime:0.000011s ]
INFO: [ app_init ] --END-- [ RunTime:0.000302s ]
INFO: [ app_begin ] --START--
INFO: Run Behavior\ReadHtmlCacheBehavior [ RunTime:0.000332s ]
INFO: [ app_begin ] --END-- [ RunTime:0.000370s ]
NOTIC: [2] Missing argument 3 for Think\Controller::ajaxReturn(), called in /Users/LG/美邦/youfan_bi_server/Application/Common/Controller/CommonController.class.php on line 49 and defined /Users/LG/美邦/youfan_bi_server/ThinkPHP/Library/Think/Controller.class.php 第 209 行.
NOTIC: [8] Undefined variable: code /Users/LG/美邦/youfan_bi_server/ThinkPHP/Library/Think/Controller.class.php 第 213 行.
NOTIC: [2] Cannot modify header information - headers already sent by (output started at /Users/LG/美邦/youfan_bi_server/Application/Common/Service/CommonService.class.php:121) /Users/LG/美邦/youfan_bi_server/ThinkPHP/Library/Think/Controller.class.php 第 223 行.

[ 2017-01-11T18:01:25+08:00 ] ::1 /youfan_bi_server/index.php?c=Admin&m=Xg&a=xgPushAllDevices&msg=test&title=test
INFO: [ app_init ] --START--
INFO: Run Behavior\BuildLiteBehavior [ RunTime:0.000010s ]
INFO: [ app_init ] --END-- [ RunTime:0.000275s ]
INFO: [ app_begin ] --START--
INFO: Run Behavior\ReadHtmlCacheBehavior [ RunTime:0.000345s ]
INFO: [ app_begin ] --END-- [ RunTime:0.000387s ]
NOTIC: [2] Missing argument 3 for Think\Controller::ajaxReturn(), called in /Users/LG/美邦/youfan_bi_server/Application/Common/Controller/CommonController.class.php on line 49 and defined /Users/LG/美邦/youfan_bi_server/ThinkPHP/Library/Think/Controller.class.php 第 209 行.
NOTIC: [8] Undefined variable: code /Users/LG/美邦/youfan_bi_server/ThinkPHP/Library/Think/Controller.class.php 第 213 行.
NOTIC: [2] Cannot modify header information - headers already sent by (output started at /Users/LG/美邦/youfan_bi_server/Application/Common/Service/CommonService.class.php:121) /Users/LG/美邦/youfan_bi_server/ThinkPHP/Library/Think/Controller.class.php 第 223 行.

[ 2017-01-11T18:01:35+08:00 ] ::1 /youfan_bi_server/index.php?c=Admin&m=Xg&a=xgPushAllDevices&msg=test&title=test
INFO: [ app_init ] --START--
INFO: Run Behavior\BuildLiteBehavior [ RunTime:0.000010s ]
INFO: [ app_init ] --END-- [ RunTime:0.000275s ]
INFO: [ app_begin ] --START--
INFO: Run Behavior\ReadHtmlCacheBehavior [ RunTime:0.000320s ]
INFO: [ app_begin ] --END-- [ RunTime:0.000358s ]
NOTIC: [2] Missing argument 3 for Think\Controller::ajaxReturn(), called in /Users/LG/美邦/youfan_bi_server/Application/Common/Controller/CommonController.class.php on line 49 and defined /Users/LG/美邦/youfan_bi_server/ThinkPHP/Library/Think/Controller.class.php 第 209 行.
NOTIC: [8] Undefined variable: code /Users/LG/美邦/youfan_bi_server/ThinkPHP/Library/Think/Controller.class.php 第 213 行.
NOTIC: [2] Cannot modify header information - headers already sent by (output started at /Users/LG/美邦/youfan_bi_server/Application/Common/Service/CommonService.class.php:121) /Users/LG/美邦/youfan_bi_server/ThinkPHP/Library/Think/Controller.class.php 第 223 行.

[ 2017-01-11T18:02:10+08:00 ] ::1 /youfan_bi_server/index.php?c=Admin&m=Xg&a=xgPushAllDevices&msg=test&title=test
INFO: [ app_init ] --START--
INFO: Run Behavior\BuildLiteBehavior [ RunTime:0.000036s ]
INFO: [ app_init ] --END-- [ RunTime:0.000325s ]
INFO: [ app_begin ] --START--
INFO: Run Behavior\ReadHtmlCacheBehavior [ RunTime:0.000343s ]
INFO: [ app_begin ] --END-- [ RunTime:0.000384s ]
NOTIC: [2] Missing argument 3 for Think\Controller::ajaxReturn(), called in /Users/LG/美邦/youfan_bi_server/Application/Common/Controller/CommonController.class.php on line 49 and defined /Users/LG/美邦/youfan_bi_server/ThinkPHP/Library/Think/Controller.class.php 第 209 行.
NOTIC: [8] Undefined variable: code /Users/LG/美邦/youfan_bi_server/ThinkPHP/Library/Think/Controller.class.php 第 213 行.
NOTIC: [2] Cannot modify header information - headers already sent by (output started at /Users/LG/美邦/youfan_bi_server/Application/Common/Service/CommonService.class.php:121) /Users/LG/美邦/youfan_bi_server/ThinkPHP/Library/Think/Controller.class.php 第 223 行.

[ 2017-01-11T18:02:47+08:00 ] ::1 /youfan_bi_server/index.php?c=Admin&m=Xg&a=xgPushAllDevices&msg=test&title=test
INFO: [ app_init ] --START--
INFO: Run Behavior\BuildLiteBehavior [ RunTime:0.000015s ]
INFO: [ app_init ] --END-- [ RunTime:0.000393s ]
INFO: [ app_begin ] --START--
INFO: Run Behavior\ReadHtmlCacheBehavior [ RunTime:0.000398s ]
INFO: [ app_begin ] --END-- [ RunTime:0.000447s ]
NOTIC: [2] Missing argument 3 for Think\Controller::ajaxReturn(), called in /Users/LG/美邦/youfan_bi_server/Application/Common/Controller/CommonController.class.php on line 49 and defined /Users/LG/美邦/youfan_bi_server/ThinkPHP/Library/Think/Controller.class.php 第 209 行.
NOTIC: [8] Undefined variable: code /Users/LG/美邦/youfan_bi_server/ThinkPHP/Library/Think/Controller.class.php 第 213 行.
NOTIC: [2] Cannot modify header information - headers already sent by (output started at /Users/LG/美邦/youfan_bi_server/Application/Common/Service/CommonService.class.php:121) /Users/LG/美邦/youfan_bi_server/ThinkPHP/Library/Think/Controller.class.php 第 223 行.

[ 2017-01-11T18:12:28+08:00 ] ::1 /youfan_bi_server/index.php?c=Admin&m=Xg&a=xgPushAllDevices&msg=test&title=test
INFO: [ app_init ] --START--
INFO: Run Behavior\BuildLiteBehavior [ RunTime:0.000010s ]
INFO: [ app_init ] --END-- [ RunTime:0.000297s ]
INFO: [ app_begin ] --START--
INFO: Run Behavior\ReadHtmlCacheBehavior [ RunTime:0.000337s ]
INFO: [ app_begin ] --END-- [ RunTime:0.000377s ]
NOTIC: [2] Cannot modify header information - headers already sent by (output started at /Users/LG/美邦/youfan_bi_server/Application/Common/Service/CommonService.class.php:121) /Users/LG/美邦/youfan_bi_server/Application/Common/Controller/CommonController.class.php 第 51 行.

[ 2017-01-11T18:15:16+08:00 ] ::1 /youfan_bi_server/index.php?c=Admin&m=Xg&a=xgPushAllDevices&msg=test&title=test
INFO: [ app_init ] --START--
INFO: Run Behavior\BuildLiteBehavior [ RunTime:0.000013s ]
INFO: [ app_init ] --END-- [ RunTime:0.000321s ]
INFO: [ app_begin ] --START--
INFO: Run Behavior\ReadHtmlCacheBehavior [ RunTime:0.000391s ]
INFO: [ app_begin ] --END-- [ RunTime:0.000439s ]
NOTIC: [2] Cannot modify header information - headers already sent by (output started at /Users/LG/美邦/youfan_bi_server/Application/Common/Service/CommonService.class.php:121) /Users/LG/美邦/youfan_bi_server/Application/Common/Controller/CommonController.class.php 第 51 行.

[ 2017-01-11T18:15:29+08:00 ] ::1 /youfan_bi_server/index.php?c=Admin&m=Xg&a=xgPushAllDevices&msg=test&title=test
INFO: [ app_init ] --START--
INFO: Run Behavior\BuildLiteBehavior [ RunTime:0.000014s ]
INFO: [ app_init ] --END-- [ RunTime:0.000426s ]
INFO: [ app_begin ] --START--
INFO: Run Behavior\ReadHtmlCacheBehavior [ RunTime:0.000459s ]
INFO: [ app_begin ] --END-- [ RunTime:0.000509s ]
NOTIC: [2] Cannot modify header information - headers already sent by (output started at /Users/LG/美邦/youfan_bi_server/Application/Common/Service/CommonService.class.php:121) /Users/LG/美邦/youfan_bi_server/Application/Common/Controller/CommonController.class.php 第 51 行.

[ 2017-01-11T18:15:44+08:00 ] ::1 /youfan_bi_server/index.php?c=Admin&m=Xg&a=xgPushAllDevices&msg=test&title=test
INFO: [ app_init ] --START--
INFO: Run Behavior\BuildLiteBehavior [ RunTime:0.000011s ]
INFO: [ app_init ] --END-- [ RunTime:0.000287s ]
INFO: [ app_begin ] --START--
INFO: Run Behavior\ReadHtmlCacheBehavior [ RunTime:0.000335s ]
INFO: [ app_begin ] --END-- [ RunTime:0.000375s ]
NOTIC: [2] Cannot modify header information - headers already sent by (output started at /Users/LG/美邦/youfan_bi_server/Application/Common/Service/CommonService.class.php:121) /Users/LG/美邦/youfan_bi_server/Application/Common/Controller/CommonController.class.php 第 51 行.

[ 2017-01-11T18:15:44+08:00 ] ::1 /youfan_bi_server/index.php?c=Admin&m=Xg&a=xgPushAllDevices&msg=test&title=test
INFO: [ app_init ] --START--
INFO: Run Behavior\BuildLiteBehavior [ RunTime:0.000011s ]
INFO: [ app_init ] --END-- [ RunTime:0.000296s ]
INFO: [ app_begin ] --START--
INFO: Run Behavior\ReadHtmlCacheBehavior [ RunTime:0.000338s ]
INFO: [ app_begin ] --END-- [ RunTime:0.000379s ]
NOTIC: [2] Cannot modify header information - headers already sent by (output started at /Users/LG/美邦/youfan_bi_server/Application/Common/Service/CommonService.class.php:121) /Users/LG/美邦/youfan_bi_server/Application/Common/Controller/CommonController.class.php 第 51 行.

[ 2017-01-11T18:15:48+08:00 ] ::1 /youfan_bi_server/index.php?c=Admin&m=Xg&a=xgPushAllDevices&msg=test&title=test
INFO: [ app_init ] --START--
INFO: Run Behavior\BuildLiteBehavior [ RunTime:0.000015s ]
INFO: [ app_init ] --END-- [ RunTime:0.000491s ]
INFO: [ app_begin ] --START--
INFO: Run Behavior\ReadHtmlCacheBehavior [ RunTime:0.000543s ]
INFO: [ app_begin ] --END-- [ RunTime:0.000609s ]
NOTIC: [2] Cannot modify header information - headers already sent by (output started at /Users/LG/美邦/youfan_bi_server/Application/Common/Service/CommonService.class.php:121) /Users/LG/美邦/youfan_bi_server/Application/Common/Controller/CommonController.class.php 第 51 行.

[ 2017-01-11T18:16:22+08:00 ] ::1 /youfan_bi_server/index.php?c=Admin&m=Xg&a=xgPushAllDevices&msg=test&title=test
INFO: [ app_init ] --START--
INFO: Run Behavior\BuildLiteBehavior [ RunTime:0.000013s ]
INFO: [ app_init ] --END-- [ RunTime:0.000341s ]
INFO: [ app_begin ] --START--
INFO: Run Behavior\ReadHtmlCacheBehavior [ RunTime:0.000434s ]
INFO: [ app_begin ] --END-- [ RunTime:0.000483s ]

[ 2017-01-11T18:16:33+08:00 ] ::1 /youfan_bi_server/index.php?c=Admin&m=Xg&a=xgPushAllDevices&msg=test&title=test
INFO: [ app_init ] --START--
INFO: Run Behavior\BuildLiteBehavior [ RunTime:0.000012s ]
INFO: [ app_init ] --END-- [ RunTime:0.000301s ]
INFO: [ app_begin ] --START--
INFO: Run Behavior\ReadHtmlCacheBehavior [ RunTime:0.000358s ]
INFO: [ app_begin ] --END-- [ RunTime:0.000403s ]

[ 2017-01-11T18:18:38+08:00 ] ::1 /youfan_bi_server/index.php?c=Admin&m=Xg&a=xgPushAllDevices&msg=test&title=test
INFO: [ app_init ] --START--
INFO: Run Behavior\BuildLiteBehavior [ RunTime:0.000011s ]
INFO: [ app_init ] --END-- [ RunTime:0.000516s ]
INFO: [ app_begin ] --START--
INFO: Run Behavior\ReadHtmlCacheBehavior [ RunTime:0.000362s ]
INFO: [ app_begin ] --END-- [ RunTime:0.000404s ]
NOTIC: [8] Array to string conversion /Users/LG/美邦/youfan_bi_server/Application/Common/Controller/CommonController.class.php 第 49 行.

[ 2017-01-11T18:18:48+08:00 ] ::1 /youfan_bi_server/index.php?c=Admin&m=Xg&a=xgPushAllDevices&msg=test&title=test
INFO: [ app_init ] --START--
INFO: Run Behavior\BuildLiteBehavior [ RunTime:0.000010s ]
INFO: [ app_init ] --END-- [ RunTime:0.000266s ]
INFO: [ app_begin ] --START--
INFO: Run Behavior\ReadHtmlCacheBehavior [ RunTime:0.000329s ]
INFO: [ app_begin ] --END-- [ RunTime:0.000370s ]

[ 2017-01-11T18:20:17+08:00 ] ::1 /youfan_bi_server/index.php?c=Admin&m=Xg&a=xgPushAllDevices&msg=test&title=test
INFO: [ app_init ] --START--
INFO: Run Behavior\BuildLiteBehavior [ RunTime:0.000011s ]
INFO: [ app_init ] --END-- [ RunTime:0.000279s ]
INFO: [ app_begin ] --START--
INFO: Run Behavior\ReadHtmlCacheBehavior [ RunTime:0.000345s ]
INFO: [ app_begin ] --END-- [ RunTime:0.000387s ]

[ 2017-01-11T18:20:23+08:00 ] ::1 /youfan_bi_server/index.php?c=Admin&m=Xg&a=xgPushAllDevices&msg=test&title=test
INFO: [ app_init ] --START--
INFO: Run Behavior\BuildLiteBehavior [ RunTime:0.000026s ]
INFO: [ app_init ] --END-- [ RunTime:0.000346s ]
INFO: [ app_begin ] --START--
INFO: Run Behavior\ReadHtmlCacheBehavior [ RunTime:0.000346s ]
INFO: [ app_begin ] --END-- [ RunTime:0.000389s ]

[ 2017-01-11T18:21:26+08:00 ] ::1 /youfan_bi_server/index.php?c=Admin&m=Xg&a=xgPushAllDevices&msg=test&title=test
INFO: [ app_init ] --START--
INFO: Run Behavior\BuildLiteBehavior [ RunTime:0.000011s ]
INFO: [ app_init ] --END-- [ RunTime:0.000270s ]
INFO: [ app_begin ] --START--
INFO: Run Behavior\ReadHtmlCacheBehavior [ RunTime:0.000343s ]
INFO: [ app_begin ] --END-- [ RunTime:0.000387s ]

[ 2017-01-11T18:25:24+08:00 ] ::1 /youfan_bi_server/index.php?c=Admin&m=Index&a=swagger
INFO: [ app_init ] --START--
INFO: Run Behavior\BuildLiteBehavior [ RunTime:0.000011s ]
INFO: [ app_init ] --END-- [ RunTime:0.000295s ]
INFO: [ app_begin ] --START--
INFO: Run Behavior\ReadHtmlCacheBehavior [ RunTime:0.000415s ]
INFO: [ app_begin ] --END-- [ RunTime:0.000469s ]

[ 2017-01-11T18:25:30+08:00 ] ::1 /youfan_bi_server/index.php?c=Admin&m=Index&a=removeBoom
INFO: [ app_init ] --START--
INFO: Run Behavior\BuildLiteBehavior [ RunTime:0.000010s ]
INFO: [ app_init ] --END-- [ RunTime:0.000289s ]
INFO: [ app_begin ] --START--
INFO: Run Behavior\ReadHtmlCacheBehavior [ RunTime:0.000484s ]
INFO: [ app_begin ] --END-- [ RunTime:0.000527s ]

[ 2017-01-11T18:25:50+08:00 ] ::1 /youfan_bi_server/index.php?c=Admin&m=Index&a=removeBoom
INFO: [ app_init ] --START--
INFO: Run Behavior\BuildLiteBehavior [ RunTime:0.000013s ]
INFO: [ app_init ] --END-- [ RunTime:0.000470s ]
INFO: [ app_begin ] --START--
INFO: Run Behavior\ReadHtmlCacheBehavior [ RunTime:0.000448s ]
INFO: [ app_begin ] --END-- [ RunTime:0.000502s ]
INFO: [ app_end ] --START--
INFO: Run Behavior\ShowPageTraceBehavior [ RunTime:0.000485s ]
INFO: [ app_end ] --END-- [ RunTime:0.000550s ]

[ 2017-01-11T18:26:04+08:00 ] ::1 /youfan_bi_server/index.php?c=Admin&m=Index&a=removeBoom
INFO: [ app_init ] --START--
INFO: Run Behavior\BuildLiteBehavior [ RunTime:0.000011s ]
INFO: [ app_init ] --END-- [ RunTime:0.000282s ]
INFO: [ app_begin ] --START--
INFO: Run Behavior\ReadHtmlCacheBehavior [ RunTime:0.000360s ]
INFO: [ app_begin ] --END-- [ RunTime:0.000401s ]
INFO: [ app_end ] --START--
INFO: Run Behavior\ShowPageTraceBehavior [ RunTime:0.000379s ]
INFO: [ app_end ] --END-- [ RunTime:0.000431s ]

[ 2017-01-11T18:26:05+08:00 ] ::1 /youfan_bi_server/index.php?c=Admin&m=Index&a=removeBoom
INFO: [ app_init ] --START--
INFO: Run Behavior\BuildLiteBehavior [ RunTime:0.000012s ]
INFO: [ app_init ] --END-- [ RunTime:0.000352s ]
INFO: [ app_begin ] --START--
INFO: Run Behavior\ReadHtmlCacheBehavior [ RunTime:0.000338s ]
INFO: [ app_begin ] --END-- [ RunTime:0.000379s ]
INFO: [ app_end ] --START--
INFO: Run Behavior\ShowPageTraceBehavior [ RunTime:0.000373s ]
INFO: [ app_end ] --END-- [ RunTime:0.000417s ]

[ 2017-01-11T18:26:07+08:00 ] ::1 /youfan_bi_server/index.php?c=Admin&m=Index&a=removeBoom
INFO: [ app_init ] --START--
INFO: Run Behavior\BuildLiteBehavior [ RunTime:0.000010s ]
INFO: [ app_init ] --END-- [ RunTime:0.000302s ]
INFO: [ app_begin ] --START--
INFO: Run Behavior\ReadHtmlCacheBehavior [ RunTime:0.000325s ]
INFO: [ app_begin ] --END-- [ RunTime:0.000363s ]
INFO: [ app_end ] --START--
INFO: Run Behavior\ShowPageTraceBehavior [ RunTime:0.000345s ]
INFO: [ app_end ] --END-- [ RunTime:0.000390s ]

[ 2017-01-11T18:26:44+08:00 ] ::1 /youfan_bi_server/index.php?c=Admin&m=Index&a=removeBoom
INFO: [ app_init ] --START--
INFO: Run Behavior\BuildLiteBehavior [ RunTime:0.000013s ]
INFO: [ app_init ] --END-- [ RunTime:0.000374s ]
INFO: [ app_begin ] --START--
INFO: Run Behavior\ReadHtmlCacheBehavior [ RunTime:0.000478s ]
INFO: [ app_begin ] --END-- [ RunTime:0.000536s ]
INFO: [ app_end ] --START--
INFO: Run Behavior\ShowPageTraceBehavior [ RunTime:0.000820s ]
INFO: [ app_end ] --END-- [ RunTime:0.000907s ]

[ 2017-01-11T18:27:00+08:00 ] ::1 /youfan_bi_server/index.php?c=Admin&m=Index&a=removeBoom
INFO: [ app_init ] --START--
INFO: Run Behavior\BuildLiteBehavior [ RunTime:0.000015s ]
INFO: [ app_init ] --END-- [ RunTime:0.000469s ]
INFO: [ app_begin ] --START--
INFO: Run Behavior\ReadHtmlCacheBehavior [ RunTime:0.000470s ]
INFO: [ app_begin ] --END-- [ RunTime:0.000528s ]
INFO: [ app_end ] --START--
INFO: Run Behavior\ShowPageTraceBehavior [ RunTime:0.000461s ]
INFO: [ app_end ] --END-- [ RunTime:0.000513s ]

[ 2017-01-11T18:27:14+08:00 ] ::1 /youfan_bi_server/index.php?c=Admin&m=Index&a=removeBoom
INFO: [ app_init ] --START--
INFO: Run Behavior\BuildLiteBehavior [ RunTime:0.000012s ]
INFO: [ app_init ] --END-- [ RunTime:0.000296s ]
INFO: [ app_begin ] --START--
INFO: Run Behavior\ReadHtmlCacheBehavior [ RunTime:0.000349s ]
INFO: [ app_begin ] --END-- [ RunTime:0.000390s ]
INFO: [ app_end ] --START--
INFO: Run Behavior\ShowPageTraceBehavior [ RunTime:0.000528s ]
INFO: [ app_end ] --END-- [ RunTime:0.000603s ]

[ 2017-01-11T18:27:15+08:00 ] ::1 /youfan_bi_server/index.php?c=Admin&m=Index&a=removeBoom
INFO: [ app_init ] --START--
INFO: Run Behavior\BuildLiteBehavior [ RunTime:0.000015s ]
INFO: [ app_init ] --END-- [ RunTime:0.000398s ]
INFO: [ app_begin ] --START--
INFO: Run Behavior\ReadHtmlCacheBehavior [ RunTime:0.000481s ]
INFO: [ app_begin ] --END-- [ RunTime:0.000539s ]
INFO: [ app_end ] --START--
INFO: Run Behavior\ShowPageTraceBehavior [ RunTime:0.000458s ]
INFO: [ app_end ] --END-- [ RunTime:0.000513s ]

[ 2017-01-11T18:27:16+08:00 ] ::1 /youfan_bi_server/index.php?c=Admin&m=Index&a=removeBoom
INFO: [ app_init ] --START--
INFO: Run Behavior\BuildLiteBehavior [ RunTime:0.000012s ]
INFO: [ app_init ] --END-- [ RunTime:0.000302s ]
INFO: [ app_begin ] --START--
INFO: Run Behavior\ReadHtmlCacheBehavior [ RunTime:0.000369s ]
INFO: [ app_begin ] --END-- [ RunTime:0.000413s ]
INFO: [ app_end ] --START--
INFO: Run Behavior\ShowPageTraceBehavior [ RunTime:0.000406s ]
INFO: [ app_end ] --END-- [ RunTime:0.000452s ]

[ 2017-01-11T18:27:21+08:00 ] ::1 /youfan_bi_server/index.php?c=Admin&m=Index&a=removeBoom
INFO: [ app_init ] --START--
INFO: Run Behavior\BuildLiteBehavior [ RunTime:0.000010s ]
INFO: [ app_init ] --END-- [ RunTime:0.000279s ]
INFO: [ app_begin ] --START--
INFO: Run Behavior\ReadHtmlCacheBehavior [ RunTime:0.000369s ]
INFO: [ app_begin ] --END-- [ RunTime:0.000411s ]
INFO: [ app_end ] --START--
INFO: Run Behavior\ShowPageTraceBehavior [ RunTime:0.000397s ]
INFO: [ app_end ] --END-- [ RunTime:0.000447s ]

[ 2017-01-11T18:27:22+08:00 ] ::1 /youfan_bi_server/index.php?c=Admin&m=Index&a=removeBoom
INFO: [ app_init ] --START--
INFO: Run Behavior\BuildLiteBehavior [ RunTime:0.000010s ]
INFO: [ app_init ] --END-- [ RunTime:0.000268s ]
INFO: [ app_begin ] --START--
INFO: Run Behavior\ReadHtmlCacheBehavior [ RunTime:0.000426s ]
INFO: [ app_begin ] --END-- [ RunTime:0.000470s ]
INFO: [ app_end ] --START--
INFO: Run Behavior\ShowPageTraceBehavior [ RunTime:0.000381s ]
INFO: [ app_end ] --END-- [ RunTime:0.000428s ]

[ 2017-01-11T18:27:39+08:00 ] ::1 /youfan_bi_server/index.php?c=Admin&m=Index&a=removeBoom
INFO: [ app_init ] --START--
INFO: Run Behavior\BuildLiteBehavior [ RunTime:0.000012s ]
INFO: [ app_init ] --END-- [ RunTime:0.000335s ]
INFO: [ app_begin ] --START--
INFO: Run Behavior\ReadHtmlCacheBehavior [ RunTime:0.000381s ]
INFO: [ app_begin ] --END-- [ RunTime:0.000431s ]
INFO: [ app_end ] --START--
INFO: Run Behavior\ShowPageTraceBehavior [ RunTime:0.000398s ]
INFO: [ app_end ] --END-- [ RunTime:0.000444s ]

[ 2017-01-11T18:27:54+08:00 ] ::1 /youfan_bi_server/index.php?c=Admin&m=Index&a=removeBoom
INFO: [ app_init ] --START--
INFO: Run Behavior\BuildLiteBehavior [ RunTime:0.000011s ]
INFO: [ app_init ] --END-- [ RunTime:0.000300s ]
INFO: [ app_begin ] --START--
INFO: Run Behavior\ReadHtmlCacheBehavior [ RunTime:0.000356s ]
INFO: [ app_begin ] --END-- [ RunTime:0.000399s ]
INFO: [ app_end ] --START--
INFO: Run Behavior\ShowPageTraceBehavior [ RunTime:0.000353s ]
INFO: [ app_end ] --END-- [ RunTime:0.000393s ]

[ 2017-01-11T18:28:21+08:00 ] ::1 /youfan_bi_server/index.php?c=Admin&m=Xg&a=xgPushAllDevices&msg=test&title=test
INFO: [ app_init ] --START--
INFO: Run Behavior\BuildLiteBehavior [ RunTime:0.000010s ]
INFO: [ app_init ] --END-- [ RunTime:0.000266s ]
INFO: [ app_begin ] --START--
INFO: Run Behavior\ReadHtmlCacheBehavior [ RunTime:0.000325s ]
INFO: [ app_begin ] --END-- [ RunTime:0.000366s ]

[ 2017-01-11T18:28:24+08:00 ] ::1 /youfan_bi_server/index.php?c=Admin&m=Index&a=removeBoom
INFO: [ app_init ] --START--
INFO: Run Behavior\BuildLiteBehavior [ RunTime:0.000012s ]
INFO: [ app_init ] --END-- [ RunTime:0.000302s ]
INFO: [ app_begin ] --START--
INFO: Run Behavior\ReadHtmlCacheBehavior [ RunTime:0.000362s ]
INFO: [ app_begin ] --END-- [ RunTime:0.000406s ]
INFO: [ app_end ] --START--
INFO: Run Behavior\ShowPageTraceBehavior [ RunTime:0.000425s ]
INFO: [ app_end ] --END-- [ RunTime:0.000473s ]

[ 2017-01-11T18:28:32+08:00 ] ::1 /youfan_bi_server/index.php?c=Admin&m=Index&a=removeBoom
INFO: [ app_init ] --START--
INFO: Run Behavior\BuildLiteBehavior [ RunTime:0.000011s ]
INFO: [ app_init ] --END-- [ RunTime:0.000308s ]
INFO: [ app_begin ] --START--
INFO: Run Behavior\ReadHtmlCacheBehavior [ RunTime:0.000348s ]
INFO: [ app_begin ] --END-- [ RunTime:0.000389s ]
INFO: [ app_end ] --START--
INFO: Run Behavior\ShowPageTraceBehavior [ RunTime:0.000372s ]
INFO: [ app_end ] --END-- [ RunTime:0.000416s ]

[ 2017-01-11T18:28:33+08:00 ] ::1 /youfan_bi_server/index.php?c=Admin&m=Index&a=removeBoom
INFO: [ app_init ] --START--
INFO: Run Behavior\BuildLiteBehavior [ RunTime:0.000013s ]
INFO: [ app_init ] --END-- [ RunTime:0.000303s ]
INFO: [ app_begin ] --START--
INFO: Run Behavior\ReadHtmlCacheBehavior [ RunTime:0.000359s ]
INFO: [ app_begin ] --END-- [ RunTime:0.000399s ]
INFO: [ app_end ] --START--
INFO: Run Behavior\ShowPageTraceBehavior [ RunTime:0.000358s ]
INFO: [ app_end ] --END-- [ RunTime:0.000399s ]

[ 2017-01-11T18:35:20+08:00 ] ::1 /youfan_bi_server/index.php?c=Admin&m=Xg&a=xgPushAllDevices&msg=test&title=test
INFO: [ app_init ] --START--
INFO: Run Behavior\BuildLiteBehavior [ RunTime:0.000010s ]
INFO: [ app_init ] --END-- [ RunTime:0.000412s ]
INFO: [ app_begin ] --START--
INFO: Run Behavior\ReadHtmlCacheBehavior [ RunTime:0.000340s ]
INFO: [ app_begin ] --END-- [ RunTime:0.000380s ]

[ 2017-01-11T18:36:26+08:00 ] ::1 /youfan_bi_server/index.php?c=Admin&m=Xg&a=xgPushAllDevices&msg=test&title=test
INFO: [ app_init ] --START--
INFO: Run Behavior\BuildLiteBehavior [ RunTime:0.000010s ]
INFO: [ app_init ] --END-- [ RunTime:0.000287s ]
INFO: [ app_begin ] --START--
INFO: Run Behavior\ReadHtmlCacheBehavior [ RunTime:0.000452s ]
INFO: [ app_begin ] --END-- [ RunTime:0.000501s ]

[ 2017-01-11T18:36:47+08:00 ] ::1 /youfan_bi_server/index.php?c=Admin&m=Xg&a=xgPushAllDevices&msg=test&title=test
INFO: [ app_init ] --START--
INFO: Run Behavior\BuildLiteBehavior [ RunTime:0.000011s ]
INFO: [ app_init ] --END-- [ RunTime:0.000266s ]
INFO: [ app_begin ] --START--
INFO: Run Behavior\ReadHtmlCacheBehavior [ RunTime:0.000380s ]
INFO: [ app_begin ] --END-- [ RunTime:0.000433s ]

